2026-05-07 19:38:01,973 - 2*2 = 4
2026-05-07 19:38:07,049 - 2*2 = 4
2026-05-07 19:38:16,236 - 4.0**5 = 1024.0
2026-05-07 19:38:27,132 - sin(4) = 0.0697564737441253
2026-05-07 19:39:04,394 - 2+2 = 4
2026-05-07 19:40:40,774 - 4+25 = 29
2026-05-07 19:41:05,685 - 4+25*(20-2) = 454
2026-05-07 19:41:28,959 - sin(89-36) = 0.7986355100472928
2026-05-07 19:51:37,776 - 2+2 = 4
2026-05-07 19:51:44,715 - 2+2 = 4
2026-05-07 20:30:00,390 - 23+3 = 26
2026-05-07 20:43:18,336 - sin(90) = 1.0
2026-05-07 20:45:01,528 - sin(90) = 0.8939966636005579
2026-05-07 21:24:44,573 - 56*6 = 336
2026-05-07 21:28:30,570 - 58+63 = 121
2026-05-07 21:28:57,396 - sin(90) = 0.8939966636005579
2026-05-07 21:29:10,048 - cos(90) = -0.4480736161291701
2026-05-07 21:29:27,880 - 5-6 = -1
2026-05-07 21:33:01,164 - 5+3 = 8
2026-05-07 21:33:19,409 - 96*6 = 576
2026-05-07 21:33:28,786 - 25+95 = 120
2026-05-07 21:33:34,835 - 183+10 = 193
2026-05-07 21:33:38,214 - 25 = 25
2026-05-07 21:33:41,661 - 25+51 = 76
2026-05-07 21:33:44,581 - 7665 = 7665
2026-05-07 21:33:45,428 - 7665 = 7665
2026-05-07 21:33:45,714 - 7665 = 7665
2026-05-07 21:33:45,891 - 7665 = 7665
2026-05-07 21:33:46,061 - 7665 = 7665
2026-05-07 21:33:46,242 - 7665 = 7665
2026-05-07 21:33:46,413 - 7665 = 7665
2026-05-07 21:33:46,580 - 7665 = 7665
2026-05-07 21:33:46,751 - 7665 = 7665
2026-05-07 21:33:46,914 - 7665 = 7665
2026-05-07 21:33:47,078 - 7665 = 7665
2026-05-07 21:33:47,247 - 7665 = 7665
2026-05-07 21:34:16,456 - 18 = 18
2026-05-07 21:34:20,851 - 19 = 19
2026-05-07 21:34:25,336 - 20 = 20
2026-05-07 21:34:26,984 - 21 = 21
2026-05-07 21:34:29,605 - 22 = 22
2026-05-07 21:34:31,226 - 23 = 23
2026-05-07 21:34:32,621 - 24 = 24
2026-05-07 21:34:36,665 - 25 = 25
2026-05-07 21:34:38,770 - 26 = 26
2026-05-07 21:34:41,691 - 27 = 27
2026-05-07 21:34:42,953 - 28 = 28
2026-05-07 21:34:44,278 - 29 = 29
2026-05-07 21:34:46,565 - 30 = 30
2026-05-07 21:34:53,015 - 31 = 31
2026-05-07 21:34:55,390 - 32 = 32
2026-05-07 21:35:45,225 - 36 = 36
2026-05-07 21:36:01,037 - 3625+3 = 3628
2026-05-07 21:36:19,041 - 362835 = 362835
2026-05-07 21:36:21,457 - 36283536 = 36283536
2026-05-07 21:36:23,930 - 3628353637 = 3628353637
2026-05-07 21:36:25,692 - 362835363738 = 362835363738
2026-05-07 21:39:57,791 - 1 = 1
2026-05-07 21:39:59,107 - 12 = 12
2026-05-07 21:39:59,723 - 123 = 123
2026-05-07 21:40:01,089 - 1234 = 1234
2026-05-07 21:40:01,518 - 12345 = 12345
2026-05-07 21:40:01,912 - 123456 = 123456
2026-05-07 21:40:02,352 - 1234567 = 1234567
2026-05-07 21:40:02,734 - 12345678 = 12345678
2026-05-07 21:40:03,126 - 123456789 = 123456789
2026-05-07 21:40:04,529 - 12345678940 = 12345678940
2026-05-07 21:40:15,970 - 11 = 11
2026-05-07 21:40:18,122 - 12 = 12
2026-05-07 21:40:19,710 - 13 = 13
2026-05-07 21:40:21,593 - 14 = 14
2026-05-07 21:40:22,500 - 15 = 15
2026-05-07 21:40:23,709 - 16 = 16
2026-05-07 21:40:24,932 - 17 = 17
2026-05-07 21:40:26,241 - 18 = 18
2026-05-07 21:40:27,795 - 19 = 19
2026-05-07 21:40:31,178 - 20 = 20
2026-05-07 21:40:32,873 - 21 = 21
2026-05-07 21:40:33,708 - 22 = 22
2026-05-07 21:40:34,850 - 2 = 2
2026-05-07 21:40:37,282 - 24 = 24
2026-05-07 21:40:38,404 - 25 = 25
2026-05-07 21:40:39,507 - 26 = 26
2026-05-07 21:40:40,603 - 27 = 27
2026-05-07 21:40:41,575 - 28 = 28
2026-05-07 21:40:42,782 - 29 = 29
2026-05-07 21:40:51,290 - 30 = 30
2026-05-07 21:41:00,024 - 31 = 31
2026-05-07 21:41:01,905 - 312 = 312
2026-05-07 21:41:03,190 - 3123 = 3123
2026-05-07 21:41:04,118 - 31234 = 31234
2026-05-07 21:41:04,897 - 312345 = 312345
2026-05-07 21:41:05,416 - 3123456 = 3123456
2026-05-07 21:41:06,013 - 31234567 = 31234567
2026-05-07 21:41:06,680 - 312345678 = 312345678
2026-05-07 21:41:07,461 - 3123456789 = 3123456789
2026-05-07 21:41:28,339 - 41 = 41
2026-05-07 21:41:39,517 - 42 = 42
